<?xml version="1.0" encoding="UTF-8"?>
<!-- Generated by org.testng.reporters.JUnitReportReporter -->
<testsuite hostname="BobITs-MBP" failures="0" tests="1" name="com.masterframework.pom.tests.MyFirstTestCase" time="19.559" errors="0" timestamp="2021-11-19T15:29:34 EST" skipped="0">
  <testcase classname="com.masterframework.pom.tests.MyFirstTestCase" name="guestCheckoutUsingDirectBankTransfer" time="19.559"/>
  <system-out/>
</testsuite> <!-- com.masterframework.pom.tests.MyFirstTestCase -->
