<?xml version="1.0" encoding="UTF-8"?>
<!-- Generated by org.testng.reporters.JUnitReportReporter -->
<testsuite hostname="BobITs-MBP" failures="0" tests="1" name="com.masterframework.pom.tests.AddToCartTest" time="6.126" errors="0" timestamp="2021-11-23T22:12:28 EST" skipped="0">
  <testcase classname="com.masterframework.pom.tests.AddToCartTest" name="addToCartFromStorePage" time="6.126"/>
  <system-out/>
</testsuite> <!-- com.masterframework.pom.tests.AddToCartTest -->
