<?xml version="1.0" encoding="UTF-8"?>
<!-- Generated by org.testng.reporters.JUnitReportReporter -->
<testsuite hostname="BobITs-MacBook-Pro.local" failures="0" tests="1" name="com.masterframework.MyFirstTestCase" time="21.337" errors="0" timestamp="2021-11-18T12:17:15 EST" skipped="0">
  <testcase classname="com.masterframework.MyFirstTestCase" name="guestCheckoutUsingDirectBankTransfer" time="21.337"/>
  <system-out/>
</testsuite> <!-- com.masterframework.MyFirstTestCase -->
