<?xml version="1.0" encoding="UTF-8"?>
<!-- Generated by org.testng.reporters.JUnitReportReporter -->
<testsuite hostname="BobITs-MBP" failures="0" tests="1" name="com.masterframework.pom.tests.MyFirstTestCase" time="21.327" errors="0" timestamp="2021-11-21T23:05:45 EST" skipped="0">
  <testcase classname="com.masterframework.pom.tests.MyFirstTestCase" name="loginAndCheckoutUsingDirectBankTransfer" time="21.327"/>
  <system-out/>
</testsuite> <!-- com.masterframework.pom.tests.MyFirstTestCase -->
