<?xml version="1.0" encoding="UTF-8"?>
<!-- Generated by org.testng.reporters.JUnitReportReporter -->
<testsuite hostname="BobITs-MacBook-Pro.local" failures="0" tests="1" name="com.masterframework.MyFirstTestCase" time="36.892" errors="0" timestamp="2021-11-17T17:43:21 EST" skipped="0">
  <testcase classname="com.masterframework.MyFirstTestCase" name="loginAndCheckoutUsingDirectBankTransfer" time="36.892"/>
  <system-out/>
</testsuite> <!-- com.masterframework.MyFirstTestCase -->
