<?xml version="1.0" encoding="UTF-8"?>
<!-- Generated by org.testng.reporters.JUnitReportReporter -->
<testsuite hostname="BobITs-MBP" failures="0" tests="1" name="com.masterframework.pom.tests.NavigationTest" time="3.880" errors="0" timestamp="2021-11-23T22:03:01 EST" skipped="0">
  <testcase classname="com.masterframework.pom.tests.NavigationTest" name="NavigateFromHomeToStoreUsingMainMenu" time="3.880"/>
  <system-out/>
</testsuite> <!-- com.masterframework.pom.tests.NavigationTest -->
