<?xml version="1.0" encoding="UTF-8"?>
<!-- Generated by org.testng.reporters.JUnitReportReporter -->
<testsuite hostname="BobITs-MacBook-Pro.local" failures="0" tests="1" name="com.masterframework.MyFirstTestCase" time="24.540" errors="0" timestamp="2021-11-15T17:09:36 EST" skipped="0">
  <testcase classname="com.masterframework.MyFirstTestCase" name="guestCheckoutUsingDirectBankTransfer" time="24.540"/>
  <system-out/>
</testsuite> <!-- com.masterframework.MyFirstTestCase -->
