<?xml version="1.0" encoding="UTF-8"?>
<!-- Generated by org.testng.reporters.JUnitReportReporter -->
<testsuite hostname="BobITs-MacBook-Pro.local" failures="0" tests="1" name="com.masterframework.MyFirstTestCase" time="24.235" errors="0" timestamp="2021-11-15T13:34:24 EST" skipped="0">
  <testcase classname="com.masterframework.MyFirstTestCase" name="guestCheckoutUsingDirectBankTransfer" time="24.235"/>
  <system-out/>
</testsuite> <!-- com.masterframework.MyFirstTestCase -->
