<?xml version="1.0" encoding="UTF-8"?>
<!-- Generated by org.testng.reporters.JUnitReportReporter -->
<testsuite hostname="BobITs-MacBook-Pro.local" failures="0" tests="2" name="com.masterframework.MyFirstTestCase" time="51.703" errors="0" timestamp="2021-11-15T14:40:41 EST" skipped="0">
  <testcase classname="com.masterframework.MyFirstTestCase" name="loginAndCheckoutUsingDirectBankTransfer" time="27.415"/>
  <system-out/>
  <testcase classname="com.masterframework.MyFirstTestCase" name="guestCheckoutUsingDirectBankTransfer" time="24.288"/>
  <system-out/>
</testsuite> <!-- com.masterframework.MyFirstTestCase -->
