<?xml version="1.0" encoding="UTF-8"?>
<!-- Generated by org.testng.reporters.JUnitReportReporter -->
<testsuite hostname="BobITs-MBP" failures="0" tests="1" name="com.masterframework.MyFirstTestCase" time="22.795" errors="0" timestamp="2021-11-19T13:50:21 EST" skipped="0">
  <testcase classname="com.masterframework.MyFirstTestCase" name="guestCheckoutUsingDirectBankTransfer" time="22.795"/>
  <system-out/>
</testsuite> <!-- com.masterframework.MyFirstTestCase -->
