<?xml version="1.0" encoding="UTF-8"?>
<!-- Generated by org.testng.reporters.JUnitReportReporter -->
<testsuite hostname="BobITs-MacBook-Pro.local" failures="0" tests="1" name="com.masterframework.MyFirstTestCase" time="27.158" errors="0" timestamp="2021-11-16T13:51:43 EST" skipped="0">
  <testcase classname="com.masterframework.MyFirstTestCase" name="guestCheckoutUsingDirectBankTransfer" time="27.158"/>
  <system-out/>
</testsuite> <!-- com.masterframework.MyFirstTestCase -->
