<?xml version="1.0" encoding="UTF-8"?>
<!-- Generated by org.testng.reporters.JUnitReportReporter -->
<testsuite hostname="BobITs-MBP" failures="0" tests="1" name="com.masterframework.pom.tests.MyFirstTestCase" time="22.428" errors="0" timestamp="2021-11-21T22:23:05 EST" skipped="0">
  <testcase classname="com.masterframework.pom.tests.MyFirstTestCase" name="loginAndCheckoutUsingDirectBankTransfer" time="22.428"/>
  <system-out/>
</testsuite> <!-- com.masterframework.pom.tests.MyFirstTestCase -->
