<?xml version="1.0" encoding="UTF-8"?>
<!-- Generated by org.testng.reporters.JUnitReportReporter -->
<testsuite hostname="BobITs-MBP" failures="0" tests="2" name="com.masterframework.pom.tests.MyFirstTestCase" time="46.769" errors="0" timestamp="2021-11-19T15:51:00 EST" skipped="0">
  <testcase classname="com.masterframework.pom.tests.MyFirstTestCase" name="guestCheckoutUsingDirectBankTransfer" time="22.553"/>
  <system-out/>
  <testcase classname="com.masterframework.pom.tests.MyFirstTestCase" name="loginAndCheckoutUsingDirectBankTransfer" time="24.216"/>
  <system-out/>
</testsuite> <!-- com.masterframework.pom.tests.MyFirstTestCase -->
