<?xml version="1.0" encoding="UTF-8"?>
<!-- Generated by org.testng.reporters.JUnitReportReporter -->
<testsuite hostname="BobITs-MBP" failures="0" tests="2" name="com.masterframework.pom.tests.MyFirstTestCase" time="39.284" errors="0" timestamp="2021-11-21T23:06:54 EST" skipped="0">
  <testcase classname="com.masterframework.pom.tests.MyFirstTestCase" name="guestCheckoutUsingDirectBankTransfer" time="18.354"/>
  <system-out/>
  <testcase classname="com.masterframework.pom.tests.MyFirstTestCase" name="loginAndCheckoutUsingDirectBankTransfer" time="20.930"/>
  <system-out/>
</testsuite> <!-- com.masterframework.pom.tests.MyFirstTestCase -->
